app/build/outputs/mapping/release/seeds.txt
ch.zhaw.android.measuringdata.MainActivity
ch.zhaw.android.measuringdata.MainActivity: MainActivity()
ch.zhaw.android.measuringdata.MainActivity: void openSettingsActivity(android.view.View)
ch.zhaw.android.measuringdata.R$anim: int abc_fade_in
ch.zhaw.android.measuringdata.R$anim: int abc_fade_out
ch.zhaw.android.measuringdata.R$anim: int abc_grow_fade_in_from_bottom
ch.zhaw.android.measuringdata.R$anim: int abc_popup_enter
ch.zhaw.android.measuringdata.R$anim: int abc_popup_exit
ch.zhaw.android.measuringdata.R$anim: int abc_shrink_fade_out_from_bottom
ch.zhaw.android.measuringdata.R$anim: int abc_slide_in_bottom
ch.zhaw.android.measuringdata.R$anim: int abc_slide_in_top
ch.zhaw.android.measuringdata.R$anim: int abc_slide_out_bottom
ch.zhaw.android.measuringdata.R$anim: int abc_slide_out_top
ch.zhaw.android.measuringdata.R$anim: int abc_tooltip_enter
ch.zhaw.android.measuringdata.R$anim: int abc_tooltip_exit
ch.zhaw.android.measuringdata.R$anim: int btn_checkbox_to_checked_box_inner_merged_animation
ch.zhaw.android.measuringdata.R$anim: int btn_checkbox_to_checked_box_outer_merged_animation
ch.zhaw.android.measuringdata.R$anim: int btn_checkbox_to_checked_icon_null_animation
ch.zhaw.android.measuringdata.R$anim: int btn_checkbox_to_unchecked_box_inner_merged_animation
ch.zhaw.android.measuringdata.R$anim: int btn_checkbox_to_unchecked_check_path_merged_animation
ch.zhaw.android.measuringdata.R$anim: int btn_checkbox_to_unchecked_icon_null_animation
ch.zhaw.android.measuringdata.R$anim: int btn_radio_to_off_mtrl_dot_group_animation
ch.zhaw.android.measuringdata.R$anim: int btn_radio_to_off_mtrl_ring_outer_animation
ch.zhaw.android.measuringdata.R$animator: int design_appbar_state_list_animator
ch.zhaw.android.measuringdata.R$animator: int design_fab_hide_motion_spec
ch.zhaw.android.measuringdata.R$animator: int design_fab_show_motion_spec
ch.zhaw.android.measuringdata.R$animator: int mtrl_btn_state_list_anim
ch.zhaw.android.measuringdata.R$animator: int mtrl_btn_unelevated_state_list_anim
ch.zhaw.android.measuringdata.R$animator: int mtrl_card_state_list_anim
ch.zhaw.android.measuringdata.R$animator: int mtrl_chip_state_list_anim
ch.zhaw.android.measuringdata.R$animator: int mtrl_extended_fab_extend_motion_spec
ch.zhaw.android.measuringdata.R$animator: int mtrl_extended_fab_hide_motion_spec
ch.zhaw.android.measuringdata.R$animator: int mtrl_extended_fab_show_motion_spec
ch.zhaw.android.measuringdata.R$animator: int mtrl_extended_fab_shrink_motion_spec
ch.zhaw.android.measuringdata.R$animator: int mtrl_extended_fab_state_list_animator
ch.zhaw.android.measuringdata.R$animator: int mtrl_fab_hide_motion_spec
ch.zhaw.android.measuringdata.R$animator: int mtrl_fab_show_motion_spec
ch.zhaw.android.measuringdata.R$animator: int mtrl_fab_transformation_sheet_collapse_spec
ch.zhaw.android.measuringdata.R$animator: int mtrl_fab_transformation_sheet_expand_spec
ch.zhaw.android.measuringdata.R$array: int list_preference_entries
ch.zhaw.android.measuringdata.R$array: int list_preference_entry_values
ch.zhaw.android.measuringdata.R$array: int multi_select_list_preference_default_value
ch.zhaw.android.measuringdata.R$array: int pref_example_list_titles
ch.zhaw.android.measuringdata.R$array: int pref_example_list_values
ch.zhaw.android.measuringdata.R$array: int pref_sync_frequency_titles
ch.zhaw.android.measuringdata.R$array: int pref_sync_frequency_values
...
androidx.appcompat.R$color: int abc_background_cache_hint_selector_material_dark
androidx.appcompat.R$color: int abc_background_cache_hint_selector_material_light
androidx.appcompat.R$color: int abc_btn_colored_borderless_text_material
androidx.appcompat.R$color: int abc_btn_colored_text_material
androidx.appcompat.R$color: int abc_color_highlight_material
androidx.appcompat.R$color: int abc_hint_foreground_material_dark
androidx.appcompat.R$color: int abc_hint_foreground_material_light
androidx.appcompat.R$color: int abc_input_method_navigation_guard
androidx.appcompat.R$color: int abc_primary_text_disable_only_material_dark
androidx.appcompat.R$color: int abc_primary_text_disable_only_material_light
androidx.appcompat.R$color: int abc_primary_text_material_dark
androidx.appcompat.R$color: int abc_primary_text_material_light
androidx.appcompat.R$color: int abc_search_url_text
androidx.appcompat.R$color: int abc_search_url_text_normal
androidx.appcompat.R$color: int abc_search_url_text_pressed
androidx.appcompat.R$color: int abc_search_url_text_selected
androidx.appcompat.R$color: int abc_secondary_text_material_dark
androidx.appcompat.R$color: int abc_secondary_text_material_light
androidx.appcompat.R$color: int abc_tint_btn_checkable
androidx.appcompat.R$color: int abc_tint_default
androidx.appcompat.R$color: int abc_tint_edittext
androidx.appcompat.R$color: int abc_tint_seek_thumb
androidx.appcompat.R$color: int abc_tint_spinner
androidx.appcompat.R$dimen: int abc_action_bar_content_inset_material
androidx.appcompat.R$dimen: int abc_action_bar_content_inset_with_nav
androidx.appcompat.R$dimen: int abc_action_bar_default_height_material
androidx.appcompat.R$dimen: int abc_action_bar_default_padding_end_material
androidx.appcompat.R$dimen: int abc_action_bar_default_padding_start_material
androidx.appcompat.R$dimen: int abc_action_bar_elevation_material
androidx.appcompat.R$dimen: int abc_action_bar_icon_vertical_padding_material
androidx.appcompat.R$dimen: int abc_action_bar_overflow_padding_end_material
androidx.appcompat.R$dimen: int abc_action_bar_overflow_padding_start_material
androidx.appcompat.R$dimen: int abc_action_bar_stacked_max_height
androidx.appcompat.R$dimen: int abc_action_bar_stacked_tab_max_width
androidx.appcompat.R$dimen: int abc_action_bar_subtitle_bottom_margin_material
androidx.appcompat.R$dimen: int abc_action_bar_subtitle_top_margin_material
androidx.appcompat.R$dimen: int abc_action_button_min_height_material
androidx.appcompat.R$dimen: int abc_action_button_min_width_material
androidx.appcompat.R$dimen: int abc_action_button_min_width_overflow_material
androidx.appcompat.R$dimen: int abc_alert_dialog_button_bar_height
androidx.appcompat.R$dimen: int abc_alert_dialog_button_dimen
androidx.appcompat.R$dimen: int abc_button_inset_horizontal_material
androidx.appcompat.R$dimen: int abc_button_inset_vertical_material