app/build/outputs/mapping/release/mapping.txt
# compiler: R8
# compiler_version: 1.4.77
# min_api: 18
ch.zhaw.android.measuringdata.ActivityStore -> d.a.a.a.a:
    java.util.HashMap activities -> a
    android.app.Activity get(java.lang.String) -> a
ch.zhaw.android.measuringdata.IntentStore -> d.a.a.a.b:
    java.util.HashMap intents -> a
ch.zhaw.android.measuringdata.MainActivity -> ch.zhaw.android.measuringdata.MainActivity:
    android.content.Intent mainIntent -> f
    android.content.Intent settingsIntent -> e
    ch.zhaw.android.measuringdata.engine.Engine engine -> h
    android.content.Intent uartIntent -> d
    android.content.Intent chartIntent -> c
    ch.zhaw.android.measuringdata.data.Data data -> g
    1:1:void ch.zhaw.android.measuringdata.engine.Engine.setRun(boolean):0:0 -> m
    1:1:void closeApp():0 -> m
    2:2:void closeApp():0:0 -> m
    ch.zhaw.android.measuringdata.engine.Engine getEngine() -> n
    1:1:void ch.zhaw.android.measuringdata.IntentStore.put(java.lang.String,android.content.Intent):0:0 -> onCreate
    1:1:void onCreate(android.os.Bundle):0 -> onCreate
    2:2:void onCreate(android.os.Bundle):0:0 -> onCreate
    3:3:void ch.zhaw.android.measuringdata.IntentStore.put(java.lang.String,android.content.Intent):0:0 -> onCreate
    3:3:void onCreate(android.os.Bundle):0 -> onCreate
    4:4:void onCreate(android.os.Bundle):0:0 -> onCreate
    5:5:void ch.zhaw.android.measuringdata.IntentStore.put(java.lang.String,android.content.Intent):0:0 -> onCreate
    5:5:void onCreate(android.os.Bundle):0 -> onCreate
    6:6:void onCreate(android.os.Bundle):0:0 -> onCreate
    7:7:void ch.zhaw.android.measuringdata.IntentStore.put(java.lang.String,android.content.Intent):0:0 -> onCreate
    7:7:void onCreate(android.os.Bundle):0 -> onCreate
ch.zhaw.android.measuringdata.MainActivity$1 -> d.a.a.a.c:
    ch.zhaw.android.measuringdata.MainActivity this$0 -> a
ch.zhaw.android.measuringdata.data.Data -> d.a.a.a.a.a:
    int[][] rxData -> a
    1:1:boolean ch.zhaw.android.measuringdata.utils.FileWriteHandle.open(java.lang.String,java.lang.String,boolean):0:0 -> a
    1:1:void exportData(java.util.ArrayList,java.lang.String,java.lang.String,java.lang.String):0 -> a
    2:2:void exportData(java.util.ArrayList,java.lang.String,java.lang.String,java.lang.String):0:0 -> a
    3:3:void ch.zhaw.android.measuringdata.utils.FileWriteHandle.close():0:0 -> a
    3:3:void exportData(java.util.ArrayList,java.lang.String,java.lang.String,java.lang.String):0 -> a
    java.util.ArrayList getEmptyList() -> a
    void setData(byte[][]) -> a
    1:1:void ch.zhaw.android.measuringdata.data.MeanAverageFilter.<init>(int):0:0 -> b
    1:1:java.util.ArrayList getLastData():0 -> b
    2:2:java.util.ArrayList getLastData():0:0 -> b
    3:3:void ch.zhaw.android.measuringdata.data.MeanAverageFilter.addData(double):0:0 -> b
    3:3:java.util.ArrayList getLastData():0 -> b
    4:4:double ch.zhaw.android.measuringdata.data.MeanAverageFilter.getMean():0:0 -> b
    4:4:java.util.ArrayList getLastData():0 -> b
    5:5:java.util.ArrayList getLastData():0:0 -> b
...
androidx.transition.TransitionManager$MultiListener$1 -> b.u.E:
    androidx.collection.ArrayMap val$runningTransitions -> a
    androidx.transition.TransitionManager$MultiListener this$0 -> b
    void onTransitionEnd(androidx.transition.Transition) -> c
androidx.transition.TransitionPropagation -> b.u.G:
androidx.transition.TransitionSet -> b.u.I:
    int mChangeFlags -> M
    boolean mPlayTogether -> J
    int mCurrentListeners -> K
    java.util.ArrayList mTransitions -> I
    boolean mStarted -> L
    1:1:androidx.transition.Transition androidx.transition.Transition.addListener(androidx.transition.Transition$TransitionListener):0:0 -> a
    1:1:androidx.transition.TransitionSet addListener(androidx.transition.Transition$TransitionListener):0 -> a
    1:1:androidx.transition.Transition addListener(androidx.transition.Transition$TransitionListener):0 -> a
    2:2:androidx.transition.TransitionSet addTarget(android.view.View):0:0 -> a
    2:2:androidx.transition.Transition addTarget(android.view.View):0 -> a
    3:3:androidx.transition.Transition androidx.transition.Transition.addTarget(android.view.View):0:0 -> a
    3:3:androidx.transition.TransitionSet addTarget(android.view.View):0 -> a
    3:3:androidx.transition.Transition addTarget(android.view.View):0 -> a
    4:4:android.animation.TimeInterpolator androidx.transition.Transition.getInterpolator():0:0 -> a
    4:4:androidx.transition.TransitionSet addTransition(androidx.transition.Transition):0 -> a
    5:5:androidx.transition.TransitionSet addTransition(androidx.transition.Transition):0:0 -> a
    6:6:androidx.transition.PathMotion androidx.transition.Transition.getPathMotion():0:0 -> a
    6:6:androidx.transition.TransitionSet addTransition(androidx.transition.Transition):0 -> a
androidx.transition.TransitionSet$1 -> b.u.H:
    androidx.transition.Transition val$nextTransition -> a
    void onTransitionEnd(androidx.transition.Transition) -> c
androidx.transition.TransitionSet$TransitionSetListener -> b.u.I$a:
    androidx.transition.TransitionSet mTransitionSet -> a
    void onTransitionStart(androidx.transition.Transition) -> a
    void onTransitionEnd(androidx.transition.Transition) -> c
androidx.transition.TransitionUtils -> b.u.J:
    boolean HAS_IS_ATTACHED_TO_WINDOW -> a
    boolean HAS_OVERLAY -> b
    boolean HAS_PICTURE_BITMAP -> c
    1:1:void androidx.transition.ViewUtils.transformMatrixToGlobal(android.view.View,android.graphics.Matrix):0:0 -> a
    1:1:android.view.View copyViewImage(android.view.ViewGroup,android.view.View,android.view.View):0 -> a
    2:2:void androidx.transition.ViewUtils.transformMatrixToLocal(android.view.View,android.graphics.Matrix):0:0 -> a
    2:2:android.view.View copyViewImage(android.view.ViewGroup,android.view.View,android.view.View):0 -> a
    3:3:android.view.View copyViewImage(android.view.ViewGroup,android.view.View,android.view.View):0:0 -> a
    4:4:android.graphics.Bitmap createViewBitmap(android.view.View,android.graphics.Matrix,android.graphics.RectF,android.view.ViewGroup):0:0 -> a
    4:4:android.view.View copyViewImage(android.view.ViewGroup,android.view.View,android.view.View):0 -> a
    5:5:android.view.View copyViewImage(android.view.ViewGroup,android.view.View,android.view.View):0:0 -> a
    android.animation.Animator mergeAnimators(android.animation.Animator,android.animation.Animator) -> a
androidx.transition.TransitionValues -> b.u.K:
    java.util.Map values -> a
    android.view.View view -> b
    java.util.ArrayList mTargetedTransitions -> c
    1:1:int hashCode():0:0 -> toString
    1:1:java.lang.String toString():0 -> toString
    2:2:java.lang.String toString():0:0 -> toString
androidx.transition.TransitionValuesMaps -> b.u.L:
    android.util.SparseArray mIdValues -> b
    androidx.collection.ArrayMap mNameValues -> d
    androidx.collection.ArrayMap mViewValues -> a
    androidx.collection.LongSparseArray mItemIdValues -> c