app/build/outputs/mapping/release/usage.txt
ch.zhaw.android.measuringdata.ActivityStore:
    private static final java.lang.String TAG
    8:8:public ActivityStore()
ch.zhaw.android.measuringdata.BuildConfig
ch.zhaw.android.measuringdata.IntentStore:
    9:9:public IntentStore()
ch.zhaw.android.measuringdata.MainActivity:
    public static final java.lang.String TAG
    public static ch.zhaw.android.measuringdata.MainActivity obj
    137:137:public boolean getIsAppClosing()
ch.zhaw.android.measuringdata.R
ch.zhaw.android.measuringdata.R$anim
ch.zhaw.android.measuringdata.R$animator
ch.zhaw.android.measuringdata.R$array
ch.zhaw.android.measuringdata.R$attr
ch.zhaw.android.measuringdata.R$bool
ch.zhaw.android.measuringdata.R$color
ch.zhaw.android.measuringdata.R$dimen
ch.zhaw.android.measuringdata.R$drawable
ch.zhaw.android.measuringdata.R$id
ch.zhaw.android.measuringdata.R$integer
ch.zhaw.android.measuringdata.R$interpolator
ch.zhaw.android.measuringdata.R$layout
ch.zhaw.android.measuringdata.R$menu
ch.zhaw.android.measuringdata.R$mipmap
ch.zhaw.android.measuringdata.R$string
ch.zhaw.android.measuringdata.R$style
ch.zhaw.android.measuringdata.R$styleable
ch.zhaw.android.measuringdata.R$xml
ch.zhaw.android.measuringdata.data.Data:
    static final java.lang.String TAG
    static final int TOTALPACKAGES
    static final float FREQUENCE_Hz
    32:32:public boolean isReady()
    85:86:public static short byte2short(byte[])
ch.zhaw.android.measuringdata.engine.Engine:
    private static final int UART_PROFILE_CONNECTED
    private static final int UART_PROFILE_DISCONNECTED
    private static final long DURATION
    android.content.Intent uartIntent
    android.content.Intent mainIntent
    ch.zhaw.android.measuringdata.utils.Utils utils
    boolean isConnect
    80:80:public boolean isConnectionEnabled()
ch.zhaw.android.measuringdata.uart.BtService:
    private static final int STATE_DISCONNECTED
    private static final int STATE_CONNECTING
    private static final int STATE_CONNECTED
    public static final java.lang.String ACTION_GATT_CONNECTED
    public static final java.lang.String ACTION_GATT_DISCONNECTED
    public static final java.lang.String ACTION_GATT_SERVICES_DISCOVERED
    public static final java.lang.String ACTION_DATA_AVAILABLE
    public static final java.lang.String EXTRA_DATA
    public static final java.lang.String DEVICE_DOES_NOT_SUPPORT_UART
    286:291:public void readCharacteristic(android.bluetooth.BluetoothGattCharacteristic)
    366:368:public java.util.List getSupportedGattServices()
    374:374:public int checkConnectionEstablished()
ch.zhaw.android.measuringdata.uart.DeviceListActivity:
    public static final java.lang.String TAG
    public static final long SCAN_PERIOD
    public static final java.lang.String SHARED_PREFS
    public static final java.lang.String DEVICE
    404:405:private void showMessage(java.lang.String)
ch.zhaw.android.measuringdata.ui.ChartActivity:
    public static final java.lang.String SHARED_PREFS
    public static final int DISPLAY
    java.util.ArrayList lastData
    float x1
    float x2
    float y1
    float y2
ch.zhaw.android.measuringdata.ui.ChartActivity_ViewBinding:
    18:19:public ChartActivity_ViewBinding(ch.zhaw.android.measuringdata.ui.ChartActivity)
    31:36:public void unbind()
ch.zhaw.android.measuringdata.ui.SettingsActivity:
    private static final java.lang.String TAG
    public static final java.lang.String SHARED_PREFS
    public static final java.lang.String DEVICE
...
androidx.appcompat.widget.ActivityChooserView$Callbacks:
    575:576:ActivityChooserView$Callbacks(androidx.appcompat.widget.ActivityChooserView)
androidx.appcompat.widget.AlertDialogLayout:
    55:56:public AlertDialogLayout(android.content.Context)
androidx.appcompat.widget.AppCompatAutoCompleteTextView:
    66:67:public AppCompatAutoCompleteTextView(android.content.Context)
androidx.appcompat.widget.AppCompatButton:
    63:64:public AppCompatButton(android.content.Context)
androidx.appcompat.widget.AppCompatCheckBox:
    56:57:public AppCompatCheckBox(android.content.Context)
androidx.appcompat.widget.AppCompatCheckedTextView:
    47:48:public AppCompatCheckedTextView(android.content.Context)
androidx.appcompat.widget.AppCompatCompoundButtonHelper$DirectSetButtonDrawableInterface
androidx.appcompat.widget.AppCompatDrawableManager:
    private static final java.lang.String TAG
    private static final boolean DEBUG
    private static final java.lang.String SKIP_DRAWABLE_TAG
    private static final java.lang.String PLATFORM_VD_CLAZZ
    498:501:private void removeDelegate(java.lang.String,androidx.appcompat.widget.AppCompatDrawableManager$InflateDelegate)
androidx.appcompat.widget.AppCompatEditText:
    65:66:public AppCompatEditText(android.content.Context)
androidx.appcompat.widget.AppCompatHintHelper:
    43:44:private AppCompatHintHelper()
androidx.appcompat.widget.AppCompatImageButton:
    65:66:public AppCompatImageButton(android.content.Context)
androidx.appcompat.widget.AppCompatImageHelper:
    161:171:void setInternalImageTint(android.content.res.ColorStateList)
androidx.appcompat.widget.AppCompatMultiAutoCompleteTextView:
    63:64:public AppCompatMultiAutoCompleteTextView(android.content.Context)
androidx.appcompat.widget.AppCompatPopupWindow:
    40:42:public AppCompatPopupWindow(android.content.Context,android.util.AttributeSet,int)
androidx.appcompat.widget.AppCompatRadioButton:
    56:57:public AppCompatRadioButton(android.content.Context)
androidx.appcompat.widget.AppCompatRatingBar:
    40:41:public AppCompatRatingBar(android.content.Context)
androidx.appcompat.widget.AppCompatSeekBar:
    39:40:public AppCompatSeekBar(android.content.Context)
androidx.appcompat.widget.AppCompatSeekBarHelper:
    97:97:android.graphics.drawable.Drawable getTickMark()
    101:105:void setTickMarkTintList(android.content.res.ColorStateList)
    109:109:android.content.res.ColorStateList getTickMarkTintList()
    113:117:void setTickMarkTintMode(android.graphics.PorterDuff$Mode)
    121:121:android.graphics.PorterDuff$Mode getTickMarkTintMode()
androidx.appcompat.widget.AppCompatSpinner:
    private static final int MAX_ITEMS_MEASURED
    private static final java.lang.String TAG
    private static final int MODE_DIALOG
    private static final int MODE_DROPDOWN
    private static final int MODE_THEME
    107:108:public AppCompatSpinner(android.content.Context)
    122:123:public AppCompatSpinner(android.content.Context,int)
androidx.appcompat.widget.AppCompatTextHelper:
    private static final int SANS
    private static final int SERIF
    private static final int MONOSPACE
androidx.appcompat.widget.AppCompatTextViewAutoSizeHelper:
    private static final java.lang.String TAG
    private static final int DEFAULT_AUTO_SIZE_MIN_TEXT_SIZE_IN_SP
    private static final int DEFAULT_AUTO_SIZE_MAX_TEXT_SIZE_IN_SP
    private static final int DEFAULT_AUTO_SIZE_GRANULARITY_IN_PX
    static final float UNSET_AUTO_SIZE_UNIFORM_CONFIGURATION_VALUE
    private static final int VERY_WIDE
androidx.appcompat.widget.AppCompatToggleButton:
    38:39:public AppCompatToggleButton(android.content.Context)
androidx.appcompat.widget.ButtonBarLayout:
    private static final int PEEK_BUTTON_DP